
> my-v0-project@0.1.0 dev
> next dev

  ▲ Next.js 14.2.25
  - Local:        http://localhost:3000
  - Environments: .env.local

 ✓ Starting...
 ✓ Ready in 3.1s
 ○ Compiling /middleware ...
 ✓ Compiled /middleware in 1181ms (72 modules)
 ○ Compiling /auth/login ...
 ✓ Compiled /auth/login in 6.8s (559 modules)
 GET /auth/login 200 in 7733ms
 ✓ Compiled in 933ms (283 modules)
 ○ Compiling /sales ...
 ✓ Compiled /sales in 3.2s (730 modules)
 ✓ Compiled /admin in 470ms (748 modules)
 ○ Compiling /clients ...
 POST /admin/staff 200 in 111ms
 POST /admin/staff 200 in 39ms
 POST /admin/staff 200 in 45ms
 GET /admin/staff 200 in 206ms
 POST /admin/staff 200 in 31ms
 POST /admin/staff 200 in 36ms
 GET /admin/staff 200 in 48ms
 POST /admin/staff 200 in 38ms
 POST /admin/staff 200 in 38ms
 ✓ Compiled /admin/staff in 1835ms (962 modules)
 ✓ Compiled in 730ms (477 modules)
 ✓ Compiled in 856ms (962 modules)
 GET /admin/staff 200 in 223ms
 POST /admin/staff 200 in 161ms
 POST /admin/staff 200 in 56ms
 POST /admin/staff 200 in 27ms
 POST /admin/staff 200 in 435ms
 POST /admin/staff 200 in 38ms
 ✓ Compiled in 1235ms (962 modules)
 ○ Compiling /products ...
 ✓ Compiled /products in 608ms (507 modules)
 ✓ Compiled in 2s (979 modules)
 ✓ Compiled in 1130ms (979 modules)
 ✓ Compiled in 987ms (981 modules)
 ✓ Compiled in 794ms (981 modules)
 ✓ Compiled in 1227ms (981 modules)
 GET /products 200 in 215ms
 GET /sales 200 in 57ms
 GET /sales 200 in 43ms
 ○ Compiling /orders ...
 ✓ Compiled /orders in 555ms (973 modules)
 GET /dashboard 200 in 180ms
 GET /dashboard 200 in 62ms
 GET /dashboard 200 in 53ms
 GET /dashboard 200 in 54ms
 GET /dashboard 200 in 53ms
 GET /products 200 in 91ms
 GET /dashboard 200 in 54ms
 GET /dashboard 200 in 51ms
 ○ Compiling /clients ...
 GET /clients 200 in 226ms
 GET /clients 200 in 65ms
 GET /clients 200 in 47ms
 GET /clients 200 in 44ms
 GET /products 200 in 63ms
 GET /products 200 in 36ms
 GET /products 200 in 273ms
 GET /products 200 in 46ms
 GET /products 200 in 53ms
 GET /products 200 in 51ms
 GET /products 200 in 43ms
 GET /products 200 in 46ms
 GET /dashboard 200 in 65ms
 GET /dashboard 200 in 196ms
 POST /orders 200 in 93ms
 GET /orders 200 in 177ms
 GET /auth/login 200 in 952ms
 POST /orders 200 in 104ms
 GET /orders 200 in 197ms
 POST /orders 200 in 61ms
 GET /orders 200 in 62ms
 GET /orders 200 in 239ms
 POST /orders 200 in 82ms
 GET /orders 200 in 54ms
 POST /orders 200 in 63ms
 GET /orders 200 in 55ms
 GET /orders 200 in 81ms
 GET /orders 200 in 228ms
 POST /orders 200 in 110ms
 ✓ Compiled /products in 1720ms (981 modules)
 ✓ Compiled in 744ms (483 modules)
 ✓ Compiled in 971ms (981 modules)
 ✓ Compiled in 1061ms (981 modules)
 ✓ Compiled in 981ms (981 modules)
 ✓ Compiled in 1060ms (981 modules)
 ✓ Compiled in 989ms (981 modules)
 ✓ Compiled in 1575ms (981 modules)
 ✓ Compiled in 1004ms (981 modules)
 ✓ Compiled in 1422ms (983 modules)
 ✓ Compiled in 1122ms (983 modules)
 ✓ Compiled in 1362ms (983 modules)
 ✓ Compiled in 1049ms (983 modules)
 ✓ Compiled in 2.1s (983 modules)
 POST /products 200 in 116ms
 POST /orders 200 in 74ms
 GET /products 200 in 213ms
 ✓ Compiled in 2.2s (983 modules)
 ✓ Compiled in 1001ms (983 modules)
 ✓ Compiled in 895ms (983 modules)
 GET /products 200 in 216ms
 GET /auth/login 200 in 100ms
 ✓ Compiled in 1424ms (983 modules)
 GET /auth/login 200 in 264ms
 ✓ Compiled in 801ms (484 modules)
 ✓ Compiled in 545ms (484 modules)
 ✓ Compiled in 1147ms (983 modules)
 ○ Compiling /_not-found ...
 GET /auth/login 500 in 7293ms
 GET /auth/login 500 in 98ms
 ✓ Compiled /_error in 969ms (1197 modules)
 GET /auth/login 200 in 859ms
 ✓ Compiled in 2.2s (1725 modules)
 ✓ Compiled in 621ms (1198 modules)
 ○ Compiling /admin ...
 ✓ Compiled /clients in 5.4s (1071 modules)
 GET /admin 200 in 943ms
 GET /auth/login 200 in 99ms
 GET /auth/login 200 in 107ms
 GET /auth/login 200 in 105ms
 GET /auth/login 200 in 133ms
 GET /auth/login 200 in 145ms
 GET /auth/login 200 in 98ms
 GET /auth/login 200 in 96ms
 GET /auth/login 200 in 94ms
   Reload env: .env.local
 ✓ Compiled in 23.1s (2311 modules)
 ✓ Compiled in 1609ms (2311 modules)
 GET /auth/login 200 in 214ms
 GET /auth/login 200 in 135ms
 ○ Compiling /sales ...
 ✓ Compiled /sales in 1288ms (1071 modules)
 ○ Compiling /clients ...
 ✓ Compiled /clients in 2s (2258 modules)
 ✓ Compiled in 1780ms (2258 modules)
 ○ Compiling /sales/new ...
 ✓ Compiled /sales/new in 2.4s (2264 modules)
Sending payload to backend: {
  "user_id": null,
  "seller_id": 1,
  "payment_method": "cash",
  "status": "paid",
  "items": [
    {
      "product_id": 3,
      "quantity": 2,
      "unit_price": 1231251
    }
  ]
}
Backend response status: 200
 POST /sales/new 200 in 148ms
Sending payload to backend: {
  "user_id": 4,
  "seller_id": 1,
  "payment_method": "credit_card",
  "status": "paid",
  "items": [
    {
      "product_id": 7,
      "quantity": 1,
      "unit_price": 6
    }
  ]
}
Backend response status: 200
 POST /sales/new 200 in 121ms
 ✓ Compiled in 2.7s (2273 modules)
 ✓ Compiled in 1081ms (2273 modules)
 ✓ Compiled in 1126ms (2273 modules)
 ✓ Compiled in 1384ms (2273 modules)
 GET /sales/new 200 in 310ms
 GET /sales/new 200 in 88ms
 ○ Compiling /clients ...
 POST /admin/staff 200 in 122ms
 POST /admin/staff 200 in 60ms
 POST /admin/staff 200 in 107ms
 POST /admin/staff 200 in 57ms
 ✓ Compiled /auth/login in 2.8s (2258 modules)
 ✓ Compiled in 1860ms (2258 modules)
 ✓ Compiled in 1113ms (2260 modules)
 ✓ Compiled in 4.2s (2260 modules)
